{"E:\\Users\\Andy\\code\\sudoku-solver\\src\\main.js": {"path":"E:\\Users\\Andy\\code\\sudoku-solver\\src\\main.js","statementMap":{"0":{"start":{"line":4,"column":22},"end":{"line":4,"column":28}},"1":{"start":{"line":5,"column":18},"end":{"line":5,"column":19}},"2":{"start":{"line":6,"column":19},"end":{"line":6,"column":22}},"3":{"start":{"line":7,"column":14},"end":{"line":7,"column":19}},"4":{"start":{"line":9,"column":18},"end":{"line":9,"column":66}},"5":{"start":{"line":12,"column":2},"end":{"line":15,"column":33}},"6":{"start":{"line":14,"column":17},"end":{"line":14,"column":18}},"7":{"start":{"line":15,"column":14},"end":{"line":15,"column":32}},"8":{"start":{"line":15,"column":30},"end":{"line":15,"column":31}},"9":{"start":{"line":18,"column":28},"end":{"line":18,"column":49}},"10":{"start":{"line":19,"column":20},"end":{"line":19,"column":38}},"11":{"start":{"line":22,"column":2},"end":{"line":22,"column":28}},"12":{"start":{"line":26,"column":2},"end":{"line":29,"column":30}},"13":{"start":{"line":27,"column":27},"end":{"line":27,"column":42}},"14":{"start":{"line":28,"column":26},"end":{"line":28,"column":41}},"15":{"start":{"line":29,"column":24},"end":{"line":29,"column":29}},"16":{"start":{"line":33,"column":2},"end":{"line":33,"column":45}},"17":{"start":{"line":33,"column":33},"end":{"line":33,"column":44}},"18":{"start":{"line":37,"column":2},"end":{"line":44,"column":3}},"19":{"start":{"line":48,"column":2},"end":{"line":48,"column":60}},"20":{"start":{"line":48,"column":35},"end":{"line":48,"column":59}},"21":{"start":{"line":52,"column":2},"end":{"line":52,"column":46}},"22":{"start":{"line":52,"column":34},"end":{"line":52,"column":45}},"23":{"start":{"line":56,"column":21},"end":{"line":56,"column":51}},"24":{"start":{"line":57,"column":2},"end":{"line":57,"column":58}},"25":{"start":{"line":57,"column":34},"end":{"line":57,"column":57}},"26":{"start":{"line":61,"column":2},"end":{"line":61,"column":43}},"27":{"start":{"line":65,"column":2},"end":{"line":65,"column":60}},"28":{"start":{"line":65,"column":23},"end":{"line":65,"column":35}},"29":{"start":{"line":65,"column":48},"end":{"line":65,"column":59}},"30":{"start":{"line":69,"column":2},"end":{"line":76,"column":3}},"31":{"start":{"line":80,"column":2},"end":{"line":82,"column":3}},"32":{"start":{"line":80,"column":17},"end":{"line":80,"column":18}},"33":{"start":{"line":81,"column":4},"end":{"line":81,"column":47}},"34":{"start":{"line":81,"column":35},"end":{"line":81,"column":47}},"35":{"start":{"line":83,"column":2},"end":{"line":83,"column":13}},"36":{"start":{"line":87,"column":2},"end":{"line":87,"column":61}},"37":{"start":{"line":87,"column":23},"end":{"line":87,"column":35}},"38":{"start":{"line":87,"column":49},"end":{"line":87,"column":60}},"39":{"start":{"line":91,"column":21},"end":{"line":91,"column":57}},"40":{"start":{"line":92,"column":2},"end":{"line":92,"column":58}},"41":{"start":{"line":92,"column":34},"end":{"line":92,"column":57}},"42":{"start":{"line":96,"column":2},"end":{"line":96,"column":58}},"43":{"start":{"line":96,"column":44},"end":{"line":96,"column":56}},"44":{"start":{"line":100,"column":2},"end":{"line":100,"column":34}},"45":{"start":{"line":104,"column":2},"end":{"line":104,"column":42}},"46":{"start":{"line":108,"column":2},"end":{"line":108,"column":32}},"47":{"start":{"line":112,"column":2},"end":{"line":116,"column":28}},"48":{"start":{"line":114,"column":14},"end":{"line":114,"column":61}},"49":{"start":{"line":116,"column":16},"end":{"line":116,"column":27}},"50":{"start":{"line":120,"column":2},"end":{"line":127,"column":3}},"51":{"start":{"line":131,"column":2},"end":{"line":137,"column":3}},"52":{"start":{"line":131,"column":15},"end":{"line":131,"column":16}},"53":{"start":{"line":132,"column":4},"end":{"line":136,"column":5}},"54":{"start":{"line":132,"column":17},"end":{"line":132,"column":18}},"55":{"start":{"line":133,"column":6},"end":{"line":135,"column":7}},"56":{"start":{"line":134,"column":8},"end":{"line":134,"column":20}},"57":{"start":{"line":138,"column":2},"end":{"line":138,"column":13}},"58":{"start":{"line":142,"column":2},"end":{"line":146,"column":29}},"59":{"start":{"line":144,"column":14},"end":{"line":144,"column":61}},"60":{"start":{"line":146,"column":17},"end":{"line":146,"column":28}},"61":{"start":{"line":150,"column":21},"end":{"line":150,"column":76}},"62":{"start":{"line":151,"column":2},"end":{"line":151,"column":58}},"63":{"start":{"line":151,"column":34},"end":{"line":151,"column":57}},"64":{"start":{"line":155,"column":2},"end":{"line":160,"column":3}},"65":{"start":{"line":158,"column":18},"end":{"line":158,"column":65}},"66":{"start":{"line":164,"column":25},"end":{"line":164,"column":56}},"67":{"start":{"line":165,"column":28},"end":{"line":165,"column":62}},"68":{"start":{"line":167,"column":18},"end":{"line":167,"column":36}},"69":{"start":{"line":168,"column":29},"end":{"line":168,"column":73}},"70":{"start":{"line":169,"column":31},"end":{"line":169,"column":75}},"71":{"start":{"line":170,"column":32},"end":{"line":172,"column":27}},"72":{"start":{"line":173,"column":32},"end":{"line":173,"column":80}},"73":{"start":{"line":174,"column":23},"end":{"line":174,"column":48}},"74":{"start":{"line":175,"column":25},"end":{"line":175,"column":50}},"75":{"start":{"line":177,"column":2},"end":{"line":189,"column":3}},"76":{"start":{"line":182,"column":24},"end":{"line":182,"column":47}},"77":{"start":{"line":183,"column":20},"end":{"line":183,"column":64}},"78":{"start":{"line":193,"column":2},"end":{"line":193,"column":69}},"79":{"start":{"line":197,"column":2},"end":{"line":205,"column":4}},"80":{"start":{"line":198,"column":4},"end":{"line":204,"column":6}},"81":{"start":{"line":199,"column":6},"end":{"line":203,"column":8}},"82":{"start":{"line":200,"column":8},"end":{"line":202,"column":9}},"83":{"start":{"line":201,"column":10},"end":{"line":201,"column":34}},"84":{"start":{"line":207,"column":2},"end":{"line":207,"column":13}},"85":{"start":{"line":211,"column":2},"end":{"line":211,"column":69}},"86":{"start":{"line":215,"column":2},"end":{"line":223,"column":4}},"87":{"start":{"line":216,"column":4},"end":{"line":222,"column":6}},"88":{"start":{"line":217,"column":6},"end":{"line":221,"column":8}},"89":{"start":{"line":218,"column":8},"end":{"line":220,"column":9}},"90":{"start":{"line":219,"column":10},"end":{"line":219,"column":34}},"91":{"start":{"line":225,"column":2},"end":{"line":225,"column":13}},"92":{"start":{"line":229,"column":2},"end":{"line":229,"column":77}},"93":{"start":{"line":233,"column":17},"end":{"line":233,"column":47}},"94":{"start":{"line":234,"column":20},"end":{"line":234,"column":56}},"95":{"start":{"line":236,"column":32},"end":{"line":240,"column":38}},"96":{"start":{"line":237,"column":27},"end":{"line":237,"column":42}},"97":{"start":{"line":239,"column":30},"end":{"line":239,"column":49}},"98":{"start":{"line":240,"column":23},"end":{"line":240,"column":37}},"99":{"start":{"line":242,"column":33},"end":{"line":244,"column":56}},"100":{"start":{"line":243,"column":17},"end":{"line":243,"column":29}},"101":{"start":{"line":244,"column":16},"end":{"line":244,"column":55}},"102":{"start":{"line":246,"column":35},"end":{"line":251,"column":38}},"103":{"start":{"line":247,"column":14},"end":{"line":247,"column":26}},"104":{"start":{"line":248,"column":27},"end":{"line":248,"column":42}},"105":{"start":{"line":250,"column":25},"end":{"line":250,"column":41}},"106":{"start":{"line":251,"column":23},"end":{"line":251,"column":37}},"107":{"start":{"line":253,"column":36},"end":{"line":255,"column":59}},"108":{"start":{"line":254,"column":17},"end":{"line":254,"column":32}},"109":{"start":{"line":255,"column":16},"end":{"line":255,"column":58}},"110":{"start":{"line":257,"column":25},"end":{"line":257,"column":75}},"111":{"start":{"line":259,"column":2},"end":{"line":272,"column":3}},"112":{"start":{"line":276,"column":2},"end":{"line":288,"column":3}},"113":{"start":{"line":276,"column":24},"end":{"line":276,"column":25}},"114":{"start":{"line":277,"column":4},"end":{"line":287,"column":5}},"115":{"start":{"line":277,"column":26},"end":{"line":277,"column":27}},"116":{"start":{"line":278,"column":6},"end":{"line":286,"column":8}},"117":{"start":{"line":279,"column":8},"end":{"line":285,"column":10}},"118":{"start":{"line":280,"column":25},"end":{"line":280,"column":55}},"119":{"start":{"line":281,"column":28},"end":{"line":281,"column":61}},"120":{"start":{"line":283,"column":10},"end":{"line":284,"column":39}},"121":{"start":{"line":284,"column":12},"end":{"line":284,"column":39}},"122":{"start":{"line":290,"column":2},"end":{"line":290,"column":13}},"123":{"start":{"line":294,"column":2},"end":{"line":294,"column":64}},"124":{"start":{"line":294,"column":23},"end":{"line":294,"column":49}},"125":{"start":{"line":294,"column":37},"end":{"line":294,"column":48}},"126":{"start":{"line":298,"column":2},"end":{"line":300,"column":3}},"127":{"start":{"line":312,"column":20},"end":{"line":312,"column":35}},"128":{"start":{"line":313,"column":28},"end":{"line":313,"column":29}},"129":{"start":{"line":314,"column":24},"end":{"line":314,"column":55}},"130":{"start":{"line":315,"column":18},"end":{"line":315,"column":19}},"131":{"start":{"line":317,"column":2},"end":{"line":338,"column":3}},"132":{"start":{"line":321,"column":4},"end":{"line":321,"column":15}},"133":{"start":{"line":322,"column":4},"end":{"line":322,"column":41}},"134":{"start":{"line":324,"column":4},"end":{"line":324,"column":40}},"135":{"start":{"line":325,"column":4},"end":{"line":325,"column":42}},"136":{"start":{"line":326,"column":4},"end":{"line":326,"column":39}},"137":{"start":{"line":327,"column":4},"end":{"line":327,"column":41}},"138":{"start":{"line":328,"column":4},"end":{"line":328,"column":42}},"139":{"start":{"line":329,"column":4},"end":{"line":329,"column":44}},"140":{"start":{"line":337,"column":4},"end":{"line":337,"column":53}},"141":{"start":{"line":340,"column":2},"end":{"line":340,"column":20}},"142":{"start":{"line":344,"column":25},"end":{"line":344,"column":56}},"143":{"start":{"line":345,"column":25},"end":{"line":345,"column":59}},"144":{"start":{"line":346,"column":25},"end":{"line":350,"column":3}},"145":{"start":{"line":352,"column":2},"end":{"line":354,"column":48}},"146":{"start":{"line":353,"column":17},"end":{"line":353,"column":47}},"147":{"start":{"line":354,"column":17},"end":{"line":354,"column":47}},"148":{"start":{"line":358,"column":18},"end":{"line":358,"column":24}},"149":{"start":{"line":359,"column":18},"end":{"line":359,"column":24}},"150":{"start":{"line":360,"column":20},"end":{"line":360,"column":33}},"151":{"start":{"line":362,"column":2},"end":{"line":362,"column":68}},"152":{"start":{"line":362,"column":52},"end":{"line":362,"column":68}},"153":{"start":{"line":364,"column":2},"end":{"line":369,"column":3}},"154":{"start":{"line":365,"column":4},"end":{"line":365,"column":18}},"155":{"start":{"line":366,"column":4},"end":{"line":366,"column":17}},"156":{"start":{"line":368,"column":4},"end":{"line":368,"column":18}},"157":{"start":{"line":371,"column":2},"end":{"line":371,"column":31}},"158":{"start":{"line":375,"column":2},"end":{"line":384,"column":3}},"159":{"start":{"line":375,"column":15},"end":{"line":375,"column":16}},"160":{"start":{"line":376,"column":4},"end":{"line":383,"column":5}},"161":{"start":{"line":376,"column":17},"end":{"line":376,"column":18}},"162":{"start":{"line":377,"column":6},"end":{"line":382,"column":7}},"163":{"start":{"line":381,"column":8},"end":{"line":381,"column":19}},"164":{"start":{"line":385,"column":2},"end":{"line":385,"column":14}},"165":{"start":{"line":389,"column":2},"end":{"line":389,"column":62}},"166":{"start":{"line":389,"column":51},"end":{"line":389,"column":62}},"167":{"start":{"line":390,"column":18},"end":{"line":390,"column":27}},"168":{"start":{"line":391,"column":14},"end":{"line":391,"column":15}},"169":{"start":{"line":394,"column":4},"end":{"line":394,"column":11}},"170":{"start":{"line":399,"column":20},"end":{"line":399,"column":37}},"171":{"start":{"line":401,"column":4},"end":{"line":425,"column":5}},"172":{"start":{"line":401,"column":22},"end":{"line":401,"column":28}},"173":{"start":{"line":402,"column":19},"end":{"line":402,"column":49}},"174":{"start":{"line":403,"column":6},"end":{"line":424,"column":7}},"175":{"start":{"line":404,"column":8},"end":{"line":423,"column":9}},"176":{"start":{"line":405,"column":10},"end":{"line":407,"column":11}},"177":{"start":{"line":406,"column":12},"end":{"line":406,"column":18}},"178":{"start":{"line":409,"column":32},"end":{"line":409,"column":78}},"179":{"start":{"line":411,"column":10},"end":{"line":422,"column":12}},"180":{"start":{"line":412,"column":12},"end":{"line":412,"column":49}},"181":{"start":{"line":414,"column":36},"end":{"line":414,"column":74}},"182":{"start":{"line":416,"column":12},"end":{"line":416,"column":53}},"183":{"start":{"line":416,"column":34},"end":{"line":416,"column":53}},"184":{"start":{"line":418,"column":12},"end":{"line":421,"column":13}},"185":{"start":{"line":419,"column":47},"end":{"line":419,"column":62}},"186":{"start":{"line":420,"column":14},"end":{"line":420,"column":54}},"187":{"start":{"line":428,"column":2},"end":{"line":428,"column":15}},"188":{"start":{"line":429,"column":2},"end":{"line":429,"column":24}},"189":{"start":{"line":430,"column":2},"end":{"line":430,"column":18}},"190":{"start":{"line":434,"column":24},"end":{"line":434,"column":27}},"191":{"start":{"line":435,"column":25},"end":{"line":435,"column":47}},"192":{"start":{"line":436,"column":19},"end":{"line":436,"column":39}},"193":{"start":{"line":437,"column":17},"end":{"line":437,"column":37}},"194":{"start":{"line":438,"column":14},"end":{"line":438,"column":45}},"195":{"start":{"line":439,"column":23},"end":{"line":439,"column":26}},"196":{"start":{"line":440,"column":27},"end":{"line":440,"column":68}},"197":{"start":{"line":441,"column":26},"end":{"line":441,"column":29}},"198":{"start":{"line":444,"column":4},"end":{"line":444,"column":60}},"199":{"start":{"line":447,"column":16},"end":{"line":449,"column":3}},"200":{"start":{"line":451,"column":2},"end":{"line":463,"column":3}},"201":{"start":{"line":451,"column":17},"end":{"line":451,"column":18}},"202":{"start":{"line":452,"column":17},"end":{"line":454,"column":27}},"203":{"start":{"line":453,"column":17},"end":{"line":453,"column":38}},"204":{"start":{"line":456,"column":4},"end":{"line":456,"column":56}},"205":{"start":{"line":457,"column":4},"end":{"line":457,"column":56}},"206":{"start":{"line":459,"column":4},"end":{"line":459,"column":50}},"207":{"start":{"line":460,"column":4},"end":{"line":462,"column":5}},"208":{"start":{"line":465,"column":2},"end":{"line":465,"column":16}}},"fnMap":{"0":{"name":"seedGrid","decl":{"start":{"line":11,"column":16},"end":{"line":11,"column":24}},"loc":{"start":{"line":11,"column":32},"end":{"line":16,"column":1}},"line":11},"1":{"name":"(anonymous_1)","decl":{"start":{"line":14,"column":12},"end":{"line":14,"column":13}},"loc":{"start":{"line":14,"column":17},"end":{"line":14,"column":18}},"line":14},"2":{"name":"(anonymous_2)","decl":{"start":{"line":15,"column":9},"end":{"line":15,"column":10}},"loc":{"start":{"line":15,"column":14},"end":{"line":15,"column":32}},"line":15},"3":{"name":"(anonymous_3)","decl":{"start":{"line":15,"column":25},"end":{"line":15,"column":26}},"loc":{"start":{"line":15,"column":30},"end":{"line":15,"column":31}},"line":15},"4":{"name":"isFilled","decl":{"start":{"line":21,"column":16},"end":{"line":21,"column":24}},"loc":{"start":{"line":21,"column":31},"end":{"line":23,"column":1}},"line":21},"5":{"name":"getArrayMissingCells","decl":{"start":{"line":25,"column":16},"end":{"line":25,"column":36}},"loc":{"start":{"line":25,"column":42},"end":{"line":30,"column":1}},"line":25},"6":{"name":"(anonymous_6)","decl":{"start":{"line":27,"column":9},"end":{"line":27,"column":10}},"loc":{"start":{"line":27,"column":27},"end":{"line":27,"column":42}},"line":27},"7":{"name":"(anonymous_7)","decl":{"start":{"line":28,"column":12},"end":{"line":28,"column":13}},"loc":{"start":{"line":28,"column":26},"end":{"line":28,"column":41}},"line":28},"8":{"name":"(anonymous_8)","decl":{"start":{"line":29,"column":9},"end":{"line":29,"column":10}},"loc":{"start":{"line":29,"column":24},"end":{"line":29,"column":29}},"line":29},"9":{"name":"rowIsComplete","decl":{"start":{"line":32,"column":16},"end":{"line":32,"column":29}},"loc":{"start":{"line":32,"column":44},"end":{"line":34,"column":1}},"line":32},"10":{"name":"(anonymous_10)","decl":{"start":{"line":33,"column":28},"end":{"line":33,"column":29}},"loc":{"start":{"line":33,"column":33},"end":{"line":33,"column":44}},"line":33},"11":{"name":"rowIsValid","decl":{"start":{"line":36,"column":16},"end":{"line":36,"column":26}},"loc":{"start":{"line":36,"column":41},"end":{"line":45,"column":1}},"line":36},"12":{"name":"everyRowIsValid","decl":{"start":{"line":47,"column":16},"end":{"line":47,"column":31}},"loc":{"start":{"line":47,"column":38},"end":{"line":49,"column":1}},"line":47},"13":{"name":"(anonymous_13)","decl":{"start":{"line":48,"column":20},"end":{"line":48,"column":21}},"loc":{"start":{"line":48,"column":35},"end":{"line":48,"column":59}},"line":48},"14":{"name":"getRowFilledNums","decl":{"start":{"line":51,"column":16},"end":{"line":51,"column":32}},"loc":{"start":{"line":51,"column":47},"end":{"line":53,"column":1}},"line":51},"15":{"name":"(anonymous_15)","decl":{"start":{"line":52,"column":29},"end":{"line":52,"column":30}},"loc":{"start":{"line":52,"column":34},"end":{"line":52,"column":45}},"line":52},"16":{"name":"getRowMissingNums","decl":{"start":{"line":55,"column":16},"end":{"line":55,"column":33}},"loc":{"start":{"line":55,"column":48},"end":{"line":58,"column":1}},"line":55},"17":{"name":"(anonymous_17)","decl":{"start":{"line":57,"column":29},"end":{"line":57,"column":30}},"loc":{"start":{"line":57,"column":34},"end":{"line":57,"column":57}},"line":57},"18":{"name":"getRowMissingCells","decl":{"start":{"line":60,"column":16},"end":{"line":60,"column":34}},"loc":{"start":{"line":60,"column":49},"end":{"line":62,"column":1}},"line":60},"19":{"name":"columnIsComplete","decl":{"start":{"line":64,"column":16},"end":{"line":64,"column":32}},"loc":{"start":{"line":64,"column":50},"end":{"line":66,"column":1}},"line":64},"20":{"name":"(anonymous_20)","decl":{"start":{"line":65,"column":18},"end":{"line":65,"column":19}},"loc":{"start":{"line":65,"column":23},"end":{"line":65,"column":35}},"line":65},"21":{"name":"(anonymous_21)","decl":{"start":{"line":65,"column":43},"end":{"line":65,"column":44}},"loc":{"start":{"line":65,"column":48},"end":{"line":65,"column":59}},"line":65},"22":{"name":"columnIsValid","decl":{"start":{"line":68,"column":16},"end":{"line":68,"column":29}},"loc":{"start":{"line":68,"column":44},"end":{"line":77,"column":1}},"line":68},"23":{"name":"everyColumnIsValid","decl":{"start":{"line":79,"column":16},"end":{"line":79,"column":34}},"loc":{"start":{"line":79,"column":41},"end":{"line":84,"column":1}},"line":79},"24":{"name":"getColumnFilledNums","decl":{"start":{"line":86,"column":16},"end":{"line":86,"column":35}},"loc":{"start":{"line":86,"column":53},"end":{"line":88,"column":1}},"line":86},"25":{"name":"(anonymous_25)","decl":{"start":{"line":87,"column":18},"end":{"line":87,"column":19}},"loc":{"start":{"line":87,"column":23},"end":{"line":87,"column":35}},"line":87},"26":{"name":"(anonymous_26)","decl":{"start":{"line":87,"column":44},"end":{"line":87,"column":45}},"loc":{"start":{"line":87,"column":49},"end":{"line":87,"column":60}},"line":87},"27":{"name":"getColumnMissingNums","decl":{"start":{"line":90,"column":16},"end":{"line":90,"column":36}},"loc":{"start":{"line":90,"column":54},"end":{"line":93,"column":1}},"line":90},"28":{"name":"(anonymous_28)","decl":{"start":{"line":92,"column":29},"end":{"line":92,"column":30}},"loc":{"start":{"line":92,"column":34},"end":{"line":92,"column":57}},"line":92},"29":{"name":"getColumnMissingCells","decl":{"start":{"line":95,"column":16},"end":{"line":95,"column":37}},"loc":{"start":{"line":95,"column":55},"end":{"line":97,"column":1}},"line":95},"30":{"name":"(anonymous_30)","decl":{"start":{"line":96,"column":39},"end":{"line":96,"column":40}},"loc":{"start":{"line":96,"column":44},"end":{"line":96,"column":56}},"line":96},"31":{"name":"getBoxTopLeft","decl":{"start":{"line":99,"column":16},"end":{"line":99,"column":29}},"loc":{"start":{"line":99,"column":40},"end":{"line":101,"column":1}},"line":99},"32":{"name":"getBoxCurRow","decl":{"start":{"line":103,"column":16},"end":{"line":103,"column":28}},"loc":{"start":{"line":103,"column":47},"end":{"line":105,"column":1}},"line":103},"33":{"name":"getBoxCurColumn","decl":{"start":{"line":107,"column":16},"end":{"line":107,"column":31}},"loc":{"start":{"line":107,"column":50},"end":{"line":109,"column":1}},"line":107},"34":{"name":"boxIsComplete","decl":{"start":{"line":111,"column":16},"end":{"line":111,"column":29}},"loc":{"start":{"line":111,"column":69},"end":{"line":117,"column":1}},"line":111},"35":{"name":"(anonymous_35)","decl":{"start":{"line":114,"column":9},"end":{"line":114,"column":10}},"loc":{"start":{"line":114,"column":14},"end":{"line":114,"column":61}},"line":114},"36":{"name":"(anonymous_36)","decl":{"start":{"line":116,"column":11},"end":{"line":116,"column":12}},"loc":{"start":{"line":116,"column":16},"end":{"line":116,"column":27}},"line":116},"37":{"name":"boxIsValid","decl":{"start":{"line":119,"column":16},"end":{"line":119,"column":26}},"loc":{"start":{"line":119,"column":66},"end":{"line":128,"column":1}},"line":119},"38":{"name":"everyBoxIsValid","decl":{"start":{"line":130,"column":16},"end":{"line":130,"column":31}},"loc":{"start":{"line":130,"column":38},"end":{"line":139,"column":1}},"line":130},"39":{"name":"getBoxFilledNums","decl":{"start":{"line":141,"column":16},"end":{"line":141,"column":32}},"loc":{"start":{"line":141,"column":72},"end":{"line":147,"column":1}},"line":141},"40":{"name":"(anonymous_40)","decl":{"start":{"line":144,"column":9},"end":{"line":144,"column":10}},"loc":{"start":{"line":144,"column":14},"end":{"line":144,"column":61}},"line":144},"41":{"name":"(anonymous_41)","decl":{"start":{"line":146,"column":12},"end":{"line":146,"column":13}},"loc":{"start":{"line":146,"column":17},"end":{"line":146,"column":28}},"line":146},"42":{"name":"getBoxMissingNums","decl":{"start":{"line":149,"column":16},"end":{"line":149,"column":33}},"loc":{"start":{"line":149,"column":73},"end":{"line":152,"column":1}},"line":149},"43":{"name":"(anonymous_43)","decl":{"start":{"line":151,"column":29},"end":{"line":151,"column":30}},"loc":{"start":{"line":151,"column":34},"end":{"line":151,"column":57}},"line":151},"44":{"name":"getBoxMissingCells","decl":{"start":{"line":154,"column":16},"end":{"line":154,"column":34}},"loc":{"start":{"line":154,"column":74},"end":{"line":161,"column":1}},"line":154},"45":{"name":"(anonymous_45)","decl":{"start":{"line":158,"column":13},"end":{"line":158,"column":14}},"loc":{"start":{"line":158,"column":18},"end":{"line":158,"column":65}},"line":158},"46":{"name":"checkCellAgainstOtherAxis","decl":{"start":{"line":163,"column":16},"end":{"line":163,"column":41}},"loc":{"start":{"line":163,"column":78},"end":{"line":190,"column":1}},"line":163},"47":{"name":"(anonymous_47)","decl":{"start":{"line":182,"column":16},"end":{"line":182,"column":17}},"loc":{"start":{"line":182,"column":24},"end":{"line":182,"column":47}},"line":182},"48":{"name":"(anonymous_48)","decl":{"start":{"line":183,"column":15},"end":{"line":183,"column":16}},"loc":{"start":{"line":183,"column":20},"end":{"line":183,"column":64}},"line":183},"49":{"name":"cellCanBeDeterminedForRow","decl":{"start":{"line":192,"column":16},"end":{"line":192,"column":41}},"loc":{"start":{"line":192,"column":69},"end":{"line":194,"column":1}},"line":192},"50":{"name":"fillRows","decl":{"start":{"line":196,"column":16},"end":{"line":196,"column":24}},"loc":{"start":{"line":196,"column":31},"end":{"line":208,"column":1}},"line":196},"51":{"name":"(anonymous_51)","decl":{"start":{"line":197,"column":15},"end":{"line":197,"column":16}},"loc":{"start":{"line":197,"column":30},"end":{"line":205,"column":3}},"line":197},"52":{"name":"(anonymous_52)","decl":{"start":{"line":198,"column":44},"end":{"line":198,"column":45}},"loc":{"start":{"line":198,"column":49},"end":{"line":204,"column":5}},"line":198},"53":{"name":"(anonymous_53)","decl":{"start":{"line":199,"column":47},"end":{"line":199,"column":48}},"loc":{"start":{"line":199,"column":57},"end":{"line":203,"column":7}},"line":199},"54":{"name":"cellCanBeDeterminedForColumn","decl":{"start":{"line":210,"column":16},"end":{"line":210,"column":44}},"loc":{"start":{"line":210,"column":72},"end":{"line":212,"column":1}},"line":210},"55":{"name":"fillColumns","decl":{"start":{"line":214,"column":16},"end":{"line":214,"column":27}},"loc":{"start":{"line":214,"column":34},"end":{"line":226,"column":1}},"line":214},"56":{"name":"(anonymous_56)","decl":{"start":{"line":215,"column":18},"end":{"line":215,"column":19}},"loc":{"start":{"line":215,"column":33},"end":{"line":223,"column":3}},"line":215},"57":{"name":"(anonymous_57)","decl":{"start":{"line":216,"column":47},"end":{"line":216,"column":48}},"loc":{"start":{"line":216,"column":52},"end":{"line":222,"column":5}},"line":216},"58":{"name":"(anonymous_58)","decl":{"start":{"line":217,"column":50},"end":{"line":217,"column":51}},"loc":{"start":{"line":217,"column":60},"end":{"line":221,"column":7}},"line":217},"59":{"name":"getBoxIndexes","decl":{"start":{"line":228,"column":9},"end":{"line":228,"column":22}},"loc":{"start":{"line":228,"column":43},"end":{"line":230,"column":1}},"line":228},"60":{"name":"cellCanBeDeterminedForBox","decl":{"start":{"line":232,"column":16},"end":{"line":232,"column":41}},"loc":{"start":{"line":232,"column":86},"end":{"line":273,"column":1}},"line":232},"61":{"name":"(anonymous_61)","decl":{"start":{"line":237,"column":9},"end":{"line":237,"column":10}},"loc":{"start":{"line":237,"column":27},"end":{"line":237,"column":42}},"line":237},"62":{"name":"(anonymous_62)","decl":{"start":{"line":239,"column":12},"end":{"line":239,"column":13}},"loc":{"start":{"line":239,"column":30},"end":{"line":239,"column":49}},"line":239},"63":{"name":"(anonymous_63)","decl":{"start":{"line":240,"column":11},"end":{"line":240,"column":12}},"loc":{"start":{"line":240,"column":23},"end":{"line":240,"column":37}},"line":240},"64":{"name":"(anonymous_64)","decl":{"start":{"line":243,"column":12},"end":{"line":243,"column":13}},"loc":{"start":{"line":243,"column":17},"end":{"line":243,"column":29}},"line":243},"65":{"name":"(anonymous_65)","decl":{"start":{"line":244,"column":11},"end":{"line":244,"column":12}},"loc":{"start":{"line":244,"column":16},"end":{"line":244,"column":55}},"line":244},"66":{"name":"(anonymous_66)","decl":{"start":{"line":247,"column":9},"end":{"line":247,"column":10}},"loc":{"start":{"line":247,"column":14},"end":{"line":247,"column":26}},"line":247},"67":{"name":"(anonymous_67)","decl":{"start":{"line":248,"column":9},"end":{"line":248,"column":10}},"loc":{"start":{"line":248,"column":27},"end":{"line":248,"column":42}},"line":248},"68":{"name":"(anonymous_68)","decl":{"start":{"line":250,"column":12},"end":{"line":250,"column":13}},"loc":{"start":{"line":250,"column":25},"end":{"line":250,"column":41}},"line":250},"69":{"name":"(anonymous_69)","decl":{"start":{"line":251,"column":11},"end":{"line":251,"column":12}},"loc":{"start":{"line":251,"column":23},"end":{"line":251,"column":37}},"line":251},"70":{"name":"(anonymous_70)","decl":{"start":{"line":254,"column":12},"end":{"line":254,"column":13}},"loc":{"start":{"line":254,"column":17},"end":{"line":254,"column":32}},"line":254},"71":{"name":"(anonymous_71)","decl":{"start":{"line":255,"column":11},"end":{"line":255,"column":12}},"loc":{"start":{"line":255,"column":16},"end":{"line":255,"column":58}},"line":255},"72":{"name":"fillBoxes","decl":{"start":{"line":275,"column":16},"end":{"line":275,"column":25}},"loc":{"start":{"line":275,"column":32},"end":{"line":291,"column":1}},"line":275},"73":{"name":"(anonymous_73)","decl":{"start":{"line":278,"column":62},"end":{"line":278,"column":63}},"loc":{"start":{"line":278,"column":67},"end":{"line":286,"column":7}},"line":278},"74":{"name":"(anonymous_74)","decl":{"start":{"line":279,"column":65},"end":{"line":279,"column":66}},"loc":{"start":{"line":279,"column":73},"end":{"line":285,"column":9}},"line":279},"75":{"name":"getFilledCellCount","decl":{"start":{"line":293,"column":16},"end":{"line":293,"column":34}},"loc":{"start":{"line":293,"column":41},"end":{"line":295,"column":1}},"line":293},"76":{"name":"(anonymous_76)","decl":{"start":{"line":294,"column":18},"end":{"line":294,"column":19}},"loc":{"start":{"line":294,"column":23},"end":{"line":294,"column":49}},"line":294},"77":{"name":"(anonymous_77)","decl":{"start":{"line":294,"column":32},"end":{"line":294,"column":33}},"loc":{"start":{"line":294,"column":37},"end":{"line":294,"column":48}},"line":294},"78":{"name":"gridIsValid","decl":{"start":{"line":297,"column":16},"end":{"line":297,"column":27}},"loc":{"start":{"line":297,"column":34},"end":{"line":301,"column":1}},"line":297},"79":{"name":"fillAutomaticCells","decl":{"start":{"line":311,"column":16},"end":{"line":311,"column":34}},"loc":{"start":{"line":311,"column":41},"end":{"line":341,"column":1}},"line":311},"80":{"name":"getPossibleCellValues","decl":{"start":{"line":343,"column":16},"end":{"line":343,"column":37}},"loc":{"start":{"line":343,"column":60},"end":{"line":355,"column":1}},"line":343},"81":{"name":"(anonymous_81)","decl":{"start":{"line":353,"column":12},"end":{"line":353,"column":13}},"loc":{"start":{"line":353,"column":17},"end":{"line":353,"column":47}},"line":353},"82":{"name":"(anonymous_82)","decl":{"start":{"line":354,"column":12},"end":{"line":354,"column":13}},"loc":{"start":{"line":354,"column":17},"end":{"line":354,"column":47}},"line":354},"83":{"name":"getNextCellCoordinates","decl":{"start":{"line":357,"column":16},"end":{"line":357,"column":38}},"loc":{"start":{"line":357,"column":55},"end":{"line":372,"column":1}},"line":357},"84":{"name":"gridHasAnyImpossibilities","decl":{"start":{"line":374,"column":16},"end":{"line":374,"column":41}},"loc":{"start":{"line":374,"column":48},"end":{"line":386,"column":1}},"line":374},"85":{"name":"fillInAllCellsRecursive","decl":{"start":{"line":388,"column":16},"end":{"line":388,"column":39}},"loc":{"start":{"line":388,"column":46},"end":{"line":431,"column":1}},"line":388},"86":{"name":"recurse","decl":{"start":{"line":393,"column":11},"end":{"line":393,"column":18}},"loc":{"start":{"line":393,"column":51},"end":{"line":426,"column":3}},"line":393},"87":{"name":"(anonymous_87)","decl":{"start":{"line":411,"column":32},"end":{"line":411,"column":33}},"loc":{"start":{"line":411,"column":47},"end":{"line":422,"column":11}},"line":411},"88":{"name":"stringifyGrid","decl":{"start":{"line":433,"column":16},"end":{"line":433,"column":29}},"loc":{"start":{"line":433,"column":36},"end":{"line":466,"column":1}},"line":433},"89":{"name":"replaceCharAt","decl":{"start":{"line":443,"column":11},"end":{"line":443,"column":24}},"loc":{"start":{"line":443,"column":39},"end":{"line":445,"column":3}},"line":443},"90":{"name":"(anonymous_90)","decl":{"start":{"line":453,"column":11},"end":{"line":453,"column":12}},"loc":{"start":{"line":453,"column":17},"end":{"line":453,"column":38}},"line":453}},"branchMap":{"0":{"loc":{"start":{"line":81,"column":4},"end":{"line":81,"column":47}},"type":"if","locations":[{"start":{"line":81,"column":4},"end":{"line":81,"column":47}},{"start":{"line":81,"column":4},"end":{"line":81,"column":47}}],"line":81},"1":{"loc":{"start":{"line":133,"column":6},"end":{"line":135,"column":7}},"type":"if","locations":[{"start":{"line":133,"column":6},"end":{"line":135,"column":7}},{"start":{"line":133,"column":6},"end":{"line":135,"column":7}}],"line":133},"2":{"loc":{"start":{"line":168,"column":29},"end":{"line":168,"column":73}},"type":"cond-expr","locations":[{"start":{"line":168,"column":39},"end":{"line":168,"column":53}},{"start":{"line":168,"column":56},"end":{"line":168,"column":73}}],"line":168},"3":{"loc":{"start":{"line":169,"column":31},"end":{"line":169,"column":75}},"type":"cond-expr","locations":[{"start":{"line":169,"column":41},"end":{"line":169,"column":58}},{"start":{"line":169,"column":61},"end":{"line":169,"column":75}}],"line":169},"4":{"loc":{"start":{"line":170,"column":32},"end":{"line":172,"column":27}},"type":"cond-expr","locations":[{"start":{"line":171,"column":6},"end":{"line":171,"column":24}},{"start":{"line":172,"column":6},"end":{"line":172,"column":27}}],"line":170},"5":{"loc":{"start":{"line":173,"column":32},"end":{"line":173,"column":80}},"type":"cond-expr","locations":[{"start":{"line":173,"column":42},"end":{"line":173,"column":61}},{"start":{"line":173,"column":64},"end":{"line":173,"column":80}}],"line":173},"6":{"loc":{"start":{"line":174,"column":23},"end":{"line":174,"column":48}},"type":"cond-expr","locations":[{"start":{"line":174,"column":33},"end":{"line":174,"column":39}},{"start":{"line":174,"column":42},"end":{"line":174,"column":48}}],"line":174},"7":{"loc":{"start":{"line":175,"column":25},"end":{"line":175,"column":50}},"type":"cond-expr","locations":[{"start":{"line":175,"column":35},"end":{"line":175,"column":41}},{"start":{"line":175,"column":44},"end":{"line":175,"column":50}}],"line":175},"8":{"loc":{"start":{"line":178,"column":4},"end":{"line":188,"column":22}},"type":"binary-expr","locations":[{"start":{"line":178,"column":5},"end":{"line":178,"column":36}},{"start":{"line":178,"column":40},"end":{"line":178,"column":69}},{"start":{"line":179,"column":5},"end":{"line":179,"column":37}},{"start":{"line":180,"column":6},"end":{"line":180,"column":40}},{"start":{"line":181,"column":6},"end":{"line":183,"column":65}},{"start":{"line":184,"column":6},"end":{"line":188,"column":21}}],"line":178},"9":{"loc":{"start":{"line":200,"column":8},"end":{"line":202,"column":9}},"type":"if","locations":[{"start":{"line":200,"column":8},"end":{"line":202,"column":9}},{"start":{"line":200,"column":8},"end":{"line":202,"column":9}}],"line":200},"10":{"loc":{"start":{"line":218,"column":8},"end":{"line":220,"column":9}},"type":"if","locations":[{"start":{"line":218,"column":8},"end":{"line":220,"column":9}},{"start":{"line":218,"column":8},"end":{"line":220,"column":9}}],"line":218},"11":{"loc":{"start":{"line":261,"column":4},"end":{"line":271,"column":63}},"type":"binary-expr","locations":[{"start":{"line":261,"column":5},"end":{"line":261,"column":32}},{"start":{"line":261,"column":36},"end":{"line":261,"column":61}},{"start":{"line":263,"column":5},"end":{"line":263,"column":33}},{"start":{"line":264,"column":6},"end":{"line":264,"column":51}},{"start":{"line":265,"column":6},"end":{"line":265,"column":57}},{"start":{"line":267,"column":8},"end":{"line":267,"column":32}},{"start":{"line":267,"column":36},"end":{"line":267,"column":61}},{"start":{"line":269,"column":9},"end":{"line":269,"column":30}},{"start":{"line":269,"column":34},"end":{"line":269,"column":56}},{"start":{"line":271,"column":9},"end":{"line":271,"column":31}},{"start":{"line":271,"column":35},"end":{"line":271,"column":60}}],"line":261},"12":{"loc":{"start":{"line":283,"column":10},"end":{"line":284,"column":39}},"type":"if","locations":[{"start":{"line":283,"column":10},"end":{"line":284,"column":39}},{"start":{"line":283,"column":10},"end":{"line":284,"column":39}}],"line":283},"13":{"loc":{"start":{"line":299,"column":4},"end":{"line":299,"column":78}},"type":"binary-expr","locations":[{"start":{"line":299,"column":4},"end":{"line":299,"column":25}},{"start":{"line":299,"column":29},"end":{"line":299,"column":53}},{"start":{"line":299,"column":57},"end":{"line":299,"column":78}}],"line":299},"14":{"loc":{"start":{"line":318,"column":4},"end":{"line":319,"column":36}},"type":"binary-expr","locations":[{"start":{"line":318,"column":4},"end":{"line":318,"column":41}},{"start":{"line":319,"column":4},"end":{"line":319,"column":36}}],"line":318},"15":{"loc":{"start":{"line":362,"column":2},"end":{"line":362,"column":68}},"type":"if","locations":[{"start":{"line":362,"column":2},"end":{"line":362,"column":68}},{"start":{"line":362,"column":2},"end":{"line":362,"column":68}}],"line":362},"16":{"loc":{"start":{"line":362,"column":6},"end":{"line":362,"column":50}},"type":"binary-expr","locations":[{"start":{"line":362,"column":6},"end":{"line":362,"column":26}},{"start":{"line":362,"column":30},"end":{"line":362,"column":50}}],"line":362},"17":{"loc":{"start":{"line":364,"column":2},"end":{"line":369,"column":3}},"type":"if","locations":[{"start":{"line":364,"column":2},"end":{"line":369,"column":3}},{"start":{"line":364,"column":2},"end":{"line":369,"column":3}}],"line":364},"18":{"loc":{"start":{"line":377,"column":6},"end":{"line":382,"column":7}},"type":"if","locations":[{"start":{"line":377,"column":6},"end":{"line":382,"column":7}},{"start":{"line":377,"column":6},"end":{"line":382,"column":7}}],"line":377},"19":{"loc":{"start":{"line":378,"column":8},"end":{"line":379,"column":54}},"type":"binary-expr","locations":[{"start":{"line":378,"column":8},"end":{"line":378,"column":29}},{"start":{"line":379,"column":8},"end":{"line":379,"column":54}}],"line":378},"20":{"loc":{"start":{"line":389,"column":2},"end":{"line":389,"column":62}},"type":"if","locations":[{"start":{"line":389,"column":2},"end":{"line":389,"column":62}},{"start":{"line":389,"column":2},"end":{"line":389,"column":62}}],"line":389},"21":{"loc":{"start":{"line":393,"column":27},"end":{"line":393,"column":37}},"type":"default-arg","locations":[{"start":{"line":393,"column":36},"end":{"line":393,"column":37}}],"line":393},"22":{"loc":{"start":{"line":393,"column":39},"end":{"line":393,"column":49}},"type":"default-arg","locations":[{"start":{"line":393,"column":48},"end":{"line":393,"column":49}}],"line":393},"23":{"loc":{"start":{"line":402,"column":19},"end":{"line":402,"column":49}},"type":"cond-expr","locations":[{"start":{"line":402,"column":39},"end":{"line":402,"column":45}},{"start":{"line":402,"column":48},"end":{"line":402,"column":49}}],"line":402},"24":{"loc":{"start":{"line":404,"column":8},"end":{"line":423,"column":9}},"type":"if","locations":[{"start":{"line":404,"column":8},"end":{"line":423,"column":9}},{"start":{"line":404,"column":8},"end":{"line":423,"column":9}}],"line":404},"25":{"loc":{"start":{"line":405,"column":10},"end":{"line":407,"column":11}},"type":"if","locations":[{"start":{"line":405,"column":10},"end":{"line":407,"column":11}},{"start":{"line":405,"column":10},"end":{"line":407,"column":11}}],"line":405},"26":{"loc":{"start":{"line":416,"column":12},"end":{"line":416,"column":53}},"type":"if","locations":[{"start":{"line":416,"column":12},"end":{"line":416,"column":53}},{"start":{"line":416,"column":12},"end":{"line":416,"column":53}}],"line":416},"27":{"loc":{"start":{"line":418,"column":12},"end":{"line":421,"column":13}},"type":"if","locations":[{"start":{"line":418,"column":12},"end":{"line":421,"column":13}},{"start":{"line":418,"column":12},"end":{"line":421,"column":13}}],"line":418},"28":{"loc":{"start":{"line":453,"column":17},"end":{"line":453,"column":38}},"type":"cond-expr","locations":[{"start":{"line":453,"column":31},"end":{"line":453,"column":32}},{"start":{"line":453,"column":35},"end":{"line":453,"column":38}}],"line":453},"29":{"loc":{"start":{"line":460,"column":16},"end":{"line":460,"column":69}},"type":"cond-expr","locations":[{"start":{"line":460,"column":39},"end":{"line":460,"column":54}},{"start":{"line":460,"column":57},"end":{"line":460,"column":69}}],"line":460}},"s":{"0":1,"1":1,"2":1,"3":1,"4":1,"5":2,"6":20,"7":18,"8":162,"9":1,"10":1,"11":561583,"12":2601,"13":23409,"14":23409,"15":13853,"16":3,"17":13,"18":69,"19":11,"20":67,"21":20171,"22":181539,"23":16830,"24":16830,"25":151470,"26":1179,"27":3,"28":27,"29":13,"30":76,"31":9,"32":9,"33":73,"34":1,"35":8,"36":19861,"37":178749,"38":178749,"39":16497,"40":16497,"41":148473,"42":1145,"43":10305,"44":25167,"45":2943,"46":2943,"47":3,"48":9,"49":13,"50":76,"51":9,"52":9,"53":25,"54":25,"55":73,"56":1,"57":8,"58":14259,"59":42777,"60":128331,"61":14180,"62":14180,"63":127620,"64":274,"65":822,"66":2699,"67":2699,"68":2699,"69":2699,"70":2699,"71":2699,"72":2699,"73":2699,"74":2699,"75":2699,"76":9649,"77":2688,"78":1412,"79":6,"80":54,"81":263,"82":1410,"83":13,"84":6,"85":1277,"86":6,"87":54,"88":255,"89":1275,"90":4,"91":6,"92":2936,"93":1468,"94":1468,"95":1468,"96":13212,"97":4404,"98":1904,"99":1468,"100":4404,"101":1942,"102":1468,"103":13212,"104":13212,"105":4404,"106":2124,"107":1468,"108":4404,"109":1924,"110":1468,"111":1468,"112":6,"113":6,"114":18,"115":18,"116":54,"117":271,"118":1466,"119":1466,"120":1466,"121":12,"122":6,"123":9,"124":81,"125":729,"126":9,"127":1,"128":1,"129":1,"130":1,"131":1,"132":5,"133":5,"134":5,"135":5,"136":5,"137":5,"138":5,"139":5,"140":5,"141":1,"142":12563,"143":12563,"144":12563,"145":12563,"146":60442,"147":31852,"148":592,"149":592,"150":592,"151":592,"152":13,"153":579,"154":39,"155":39,"156":540,"157":579,"158":798,"159":798,"160":4899,"161":4899,"162":42931,"163":348,"164":450,"165":2,"166":1,"167":1,"168":1,"169":359,"170":359,"171":359,"172":359,"173":414,"174":414,"175":1340,"176":796,"177":347,"178":449,"179":449,"180":588,"181":588,"182":588,"183":12,"184":588,"185":358,"186":358,"187":1,"188":1,"189":1,"190":6,"191":6,"192":6,"193":6,"194":6,"195":6,"196":6,"197":6,"198":108,"199":6,"200":6,"201":6,"202":54,"203":486,"204":54,"205":54,"206":54,"207":54,"208":6},"f":{"0":2,"1":20,"2":18,"3":162,"4":561583,"5":2601,"6":23409,"7":23409,"8":13853,"9":3,"10":13,"11":69,"12":11,"13":67,"14":20171,"15":181539,"16":16830,"17":151470,"18":1179,"19":3,"20":27,"21":13,"22":76,"23":9,"24":19861,"25":178749,"26":178749,"27":16497,"28":148473,"29":1145,"30":10305,"31":25167,"32":2943,"33":2943,"34":3,"35":9,"36":13,"37":76,"38":9,"39":14259,"40":42777,"41":128331,"42":14180,"43":127620,"44":274,"45":822,"46":2699,"47":9649,"48":2688,"49":1412,"50":6,"51":54,"52":263,"53":1410,"54":1277,"55":6,"56":54,"57":255,"58":1275,"59":2936,"60":1468,"61":13212,"62":4404,"63":1904,"64":4404,"65":1942,"66":13212,"67":13212,"68":4404,"69":2124,"70":4404,"71":1924,"72":6,"73":271,"74":1466,"75":9,"76":81,"77":729,"78":9,"79":1,"80":12563,"81":60442,"82":31852,"83":592,"84":798,"85":2,"86":359,"87":588,"88":6,"89":108,"90":486},"b":{"0":[1,72],"1":[1,72],"2":[1417,1282],"3":[1417,1282],"4":[1417,1282],"5":[1417,1282],"6":[1417,1282],"7":[1417,1282],"8":[2699,7,2693,2664,1800,16],"9":[13,1397],"10":[4,1271],"11":[1468,1,1467,1442,1102,799,140,795,126,789,52],"12":[12,1454],"13":[9,6,6],"14":[6,5],"15":[13,579],"16":[592,51],"17":[39,540],"18":[348,42583],"19":[42931,12110],"20":[1,1],"21":[1],"22":[1],"23":[359,55],"24":[796,544],"25":[347,449],"26":[12,576],"27":[358,230],"28":[306,180],"29":[12,42]},"_coverageSchema":"1a1c01bbd47fc00a2c39e90264f33305004495a9","hash":"c5bfae91f38320fc532e3916bf1b4db3de2901ee"}
}
