TN:
SF:src\main.js
FN:11,seedGrid
FN:14,(anonymous_1)
FN:15,(anonymous_2)
FN:15,(anonymous_3)
FN:21,isFilled
FN:25,getArrayMissingCells
FN:27,(anonymous_6)
FN:28,(anonymous_7)
FN:29,(anonymous_8)
FN:32,rowIsComplete
FN:33,(anonymous_10)
FN:36,rowIsValid
FN:47,everyRowIsValid
FN:48,(anonymous_13)
FN:51,getRowFilledNums
FN:52,(anonymous_15)
FN:55,getRowMissingNums
FN:57,(anonymous_17)
FN:60,getRowMissingCells
FN:64,columnIsComplete
FN:65,(anonymous_20)
FN:65,(anonymous_21)
FN:68,columnIsValid
FN:79,everyColumnIsValid
FN:86,getColumnFilledNums
FN:87,(anonymous_25)
FN:87,(anonymous_26)
FN:90,getColumnMissingNums
FN:92,(anonymous_28)
FN:95,getColumnMissingCells
FN:96,(anonymous_30)
FN:99,getBoxTopLeft
FN:103,getBoxCurRow
FN:107,getBoxCurColumn
FN:111,boxIsComplete
FN:114,(anonymous_35)
FN:116,(anonymous_36)
FN:119,boxIsValid
FN:130,everyBoxIsValid
FN:141,getBoxFilledNums
FN:144,(anonymous_40)
FN:146,(anonymous_41)
FN:149,getBoxMissingNums
FN:151,(anonymous_43)
FN:154,getBoxMissingCells
FN:158,(anonymous_45)
FN:163,checkCellAgainstOtherAxis
FN:182,(anonymous_47)
FN:183,(anonymous_48)
FN:192,cellCanBeDeterminedForRow
FN:196,fillRows
FN:197,(anonymous_51)
FN:198,(anonymous_52)
FN:199,(anonymous_53)
FN:210,cellCanBeDeterminedForColumn
FN:214,fillColumns
FN:215,(anonymous_56)
FN:216,(anonymous_57)
FN:217,(anonymous_58)
FN:228,getBoxIndexes
FN:232,cellCanBeDeterminedForBox
FN:237,(anonymous_61)
FN:239,(anonymous_62)
FN:240,(anonymous_63)
FN:243,(anonymous_64)
FN:244,(anonymous_65)
FN:247,(anonymous_66)
FN:248,(anonymous_67)
FN:250,(anonymous_68)
FN:251,(anonymous_69)
FN:254,(anonymous_70)
FN:255,(anonymous_71)
FN:275,fillBoxes
FN:278,(anonymous_73)
FN:279,(anonymous_74)
FN:293,getFilledCellCount
FN:294,(anonymous_76)
FN:294,(anonymous_77)
FN:297,gridIsValid
FN:311,fillAutomaticCells
FN:343,getPossibleCellValues
FN:353,(anonymous_81)
FN:354,(anonymous_82)
FN:357,getNextCellCoordinates
FN:374,gridHasAnyImpossibilities
FN:388,fillInAllCellsRecursive
FN:393,recurse
FN:411,(anonymous_87)
FN:433,stringifyGrid
FN:443,replaceCharAt
FN:453,(anonymous_90)
FNF:91
FNH:91
FNDA:2,seedGrid
FNDA:20,(anonymous_1)
FNDA:18,(anonymous_2)
FNDA:162,(anonymous_3)
FNDA:561583,isFilled
FNDA:2601,getArrayMissingCells
FNDA:23409,(anonymous_6)
FNDA:23409,(anonymous_7)
FNDA:13853,(anonymous_8)
FNDA:3,rowIsComplete
FNDA:13,(anonymous_10)
FNDA:69,rowIsValid
FNDA:11,everyRowIsValid
FNDA:67,(anonymous_13)
FNDA:20171,getRowFilledNums
FNDA:181539,(anonymous_15)
FNDA:16830,getRowMissingNums
FNDA:151470,(anonymous_17)
FNDA:1179,getRowMissingCells
FNDA:3,columnIsComplete
FNDA:27,(anonymous_20)
FNDA:13,(anonymous_21)
FNDA:76,columnIsValid
FNDA:9,everyColumnIsValid
FNDA:19861,getColumnFilledNums
FNDA:178749,(anonymous_25)
FNDA:178749,(anonymous_26)
FNDA:16497,getColumnMissingNums
FNDA:148473,(anonymous_28)
FNDA:1145,getColumnMissingCells
FNDA:10305,(anonymous_30)
FNDA:25167,getBoxTopLeft
FNDA:2943,getBoxCurRow
FNDA:2943,getBoxCurColumn
FNDA:3,boxIsComplete
FNDA:9,(anonymous_35)
FNDA:13,(anonymous_36)
FNDA:76,boxIsValid
FNDA:9,everyBoxIsValid
FNDA:14259,getBoxFilledNums
FNDA:42777,(anonymous_40)
FNDA:128331,(anonymous_41)
FNDA:14180,getBoxMissingNums
FNDA:127620,(anonymous_43)
FNDA:274,getBoxMissingCells
FNDA:822,(anonymous_45)
FNDA:2699,checkCellAgainstOtherAxis
FNDA:9649,(anonymous_47)
FNDA:2688,(anonymous_48)
FNDA:1412,cellCanBeDeterminedForRow
FNDA:6,fillRows
FNDA:54,(anonymous_51)
FNDA:263,(anonymous_52)
FNDA:1410,(anonymous_53)
FNDA:1277,cellCanBeDeterminedForColumn
FNDA:6,fillColumns
FNDA:54,(anonymous_56)
FNDA:255,(anonymous_57)
FNDA:1275,(anonymous_58)
FNDA:2936,getBoxIndexes
FNDA:1468,cellCanBeDeterminedForBox
FNDA:13212,(anonymous_61)
FNDA:4404,(anonymous_62)
FNDA:1904,(anonymous_63)
FNDA:4404,(anonymous_64)
FNDA:1942,(anonymous_65)
FNDA:13212,(anonymous_66)
FNDA:13212,(anonymous_67)
FNDA:4404,(anonymous_68)
FNDA:2124,(anonymous_69)
FNDA:4404,(anonymous_70)
FNDA:1924,(anonymous_71)
FNDA:6,fillBoxes
FNDA:271,(anonymous_73)
FNDA:1466,(anonymous_74)
FNDA:9,getFilledCellCount
FNDA:81,(anonymous_76)
FNDA:729,(anonymous_77)
FNDA:9,gridIsValid
FNDA:1,fillAutomaticCells
FNDA:12563,getPossibleCellValues
FNDA:60442,(anonymous_81)
FNDA:31852,(anonymous_82)
FNDA:592,getNextCellCoordinates
FNDA:798,gridHasAnyImpossibilities
FNDA:2,fillInAllCellsRecursive
FNDA:359,recurse
FNDA:588,(anonymous_87)
FNDA:6,stringifyGrid
FNDA:108,replaceCharAt
FNDA:486,(anonymous_90)
DA:4,1
DA:5,1
DA:6,1
DA:7,1
DA:9,1
DA:12,2
DA:14,20
DA:15,162
DA:18,1
DA:19,1
DA:22,561583
DA:26,2601
DA:27,23409
DA:28,23409
DA:29,13853
DA:33,13
DA:37,69
DA:48,67
DA:52,181539
DA:56,16830
DA:57,151470
DA:61,1179
DA:65,27
DA:69,76
DA:80,9
DA:81,73
DA:83,8
DA:87,178749
DA:91,16497
DA:92,148473
DA:96,10305
DA:100,25167
DA:104,2943
DA:108,2943
DA:112,3
DA:114,9
DA:116,13
DA:120,76
DA:131,9
DA:132,25
DA:133,73
DA:134,1
DA:138,8
DA:142,14259
DA:144,42777
DA:146,128331
DA:150,14180
DA:151,127620
DA:155,274
DA:158,822
DA:164,2699
DA:165,2699
DA:167,2699
DA:168,2699
DA:169,2699
DA:170,2699
DA:173,2699
DA:174,2699
DA:175,2699
DA:177,2699
DA:182,9649
DA:183,2688
DA:193,1412
DA:197,6
DA:198,54
DA:199,263
DA:200,1410
DA:201,13
DA:207,6
DA:211,1277
DA:215,6
DA:216,54
DA:217,255
DA:218,1275
DA:219,4
DA:225,6
DA:229,2936
DA:233,1468
DA:234,1468
DA:236,1468
DA:237,13212
DA:239,4404
DA:240,1904
DA:242,1468
DA:243,4404
DA:244,1942
DA:246,1468
DA:247,13212
DA:248,13212
DA:250,4404
DA:251,2124
DA:253,1468
DA:254,4404
DA:255,1924
DA:257,1468
DA:259,1468
DA:276,6
DA:277,18
DA:278,54
DA:279,271
DA:280,1466
DA:281,1466
DA:283,1466
DA:284,12
DA:290,6
DA:294,729
DA:298,9
DA:312,1
DA:313,1
DA:314,1
DA:315,1
DA:317,1
DA:321,5
DA:322,5
DA:324,5
DA:325,5
DA:326,5
DA:327,5
DA:328,5
DA:329,5
DA:337,5
DA:340,1
DA:344,12563
DA:345,12563
DA:346,12563
DA:352,12563
DA:353,60442
DA:354,31852
DA:358,592
DA:359,592
DA:360,592
DA:362,592
DA:364,579
DA:365,39
DA:366,39
DA:368,540
DA:371,579
DA:375,798
DA:376,4899
DA:377,42931
DA:381,348
DA:385,450
DA:389,2
DA:390,1
DA:391,1
DA:394,359
DA:399,359
DA:401,359
DA:402,414
DA:403,414
DA:404,1340
DA:405,796
DA:406,347
DA:409,449
DA:411,449
DA:412,588
DA:414,588
DA:416,588
DA:418,588
DA:419,358
DA:420,358
DA:428,1
DA:429,1
DA:430,1
DA:434,6
DA:435,6
DA:436,6
DA:437,6
DA:438,6
DA:439,6
DA:440,6
DA:441,6
DA:444,108
DA:447,6
DA:451,6
DA:452,54
DA:453,486
DA:456,54
DA:457,54
DA:459,54
DA:460,54
DA:465,6
LF:182
LH:182
BRDA:81,0,0,1
BRDA:81,0,1,72
BRDA:133,1,0,1
BRDA:133,1,1,72
BRDA:168,2,0,1417
BRDA:168,2,1,1282
BRDA:169,3,0,1417
BRDA:169,3,1,1282
BRDA:170,4,0,1417
BRDA:170,4,1,1282
BRDA:173,5,0,1417
BRDA:173,5,1,1282
BRDA:174,6,0,1417
BRDA:174,6,1,1282
BRDA:175,7,0,1417
BRDA:175,7,1,1282
BRDA:178,8,0,2699
BRDA:178,8,1,7
BRDA:178,8,2,2693
BRDA:178,8,3,2664
BRDA:178,8,4,1800
BRDA:178,8,5,16
BRDA:200,9,0,13
BRDA:200,9,1,1397
BRDA:218,10,0,4
BRDA:218,10,1,1271
BRDA:261,11,0,1468
BRDA:261,11,1,1
BRDA:261,11,2,1467
BRDA:261,11,3,1442
BRDA:261,11,4,1102
BRDA:261,11,5,799
BRDA:261,11,6,140
BRDA:261,11,7,795
BRDA:261,11,8,126
BRDA:261,11,9,789
BRDA:261,11,10,52
BRDA:283,12,0,12
BRDA:283,12,1,1454
BRDA:299,13,0,9
BRDA:299,13,1,6
BRDA:299,13,2,6
BRDA:318,14,0,6
BRDA:318,14,1,5
BRDA:362,15,0,13
BRDA:362,15,1,579
BRDA:362,16,0,592
BRDA:362,16,1,51
BRDA:364,17,0,39
BRDA:364,17,1,540
BRDA:377,18,0,348
BRDA:377,18,1,42583
BRDA:378,19,0,42931
BRDA:378,19,1,12110
BRDA:389,20,0,1
BRDA:389,20,1,1
BRDA:393,21,0,1
BRDA:393,22,0,1
BRDA:402,23,0,359
BRDA:402,23,1,55
BRDA:404,24,0,796
BRDA:404,24,1,544
BRDA:405,25,0,347
BRDA:405,25,1,449
BRDA:416,26,0,12
BRDA:416,26,1,576
BRDA:418,27,0,358
BRDA:418,27,1,230
BRDA:453,28,0,306
BRDA:453,28,1,180
BRDA:460,29,0,12
BRDA:460,29,1,42
BRF:72
BRH:72
end_of_record
